<html>
<head>
<title>TestNG:  Regression Login Test</title>
<link href="../testng.css" rel="stylesheet" type="text/css" />
<link href="../my-testng.css" rel="stylesheet" type="text/css" />

<style type="text/css">
.log { display: none;} 
.stack-trace { display: none;} 
</style>
<script type="text/javascript">
<!--
function flip(e) {
  current = e.style.display;
  if (current == 'block') {
    e.style.display = 'none';
    return 0;
  }
  else {
    e.style.display = 'block';
    return 1;
  }
}

function toggleBox(szDivId, elem, msg1, msg2)
{
  var res = -1;  if (document.getElementById) {
    res = flip(document.getElementById(szDivId));
  }
  else if (document.all) {
    // this is the way old msie versions work
    res = flip(document.all[szDivId]);
  }
  if(elem) {
    if(res == 0) elem.innerHTML = msg1; else elem.innerHTML = msg2;
  }

}

function toggleAllBoxes() {
  if (document.getElementsByTagName) {
    d = document.getElementsByTagName('div');
    for (i = 0; i < d.length; i++) {
      if (d[i].className == 'log') {
        flip(d[i]);
      }
    }
  }
}

// -->
</script>

</head>
<body>
<h2 align='center'>Regression Login Test</h2><table border='1' align="center">
<tr>
<td>Tests passed/Failed/Skipped:</td><td>2/1/0</td>
</tr><tr>
<td>Started on:</td><td>Thu Dec 15 17:09:27 GMT 2022</td>
</tr>
<tr><td>Total time:</td><td>52 seconds (52884 ms)</td>
</tr><tr>
<td>Included groups:</td><td>regression </td>
</tr><tr>
<td>Excluded groups:</td><td></td>
</tr>
</table><p/>
<small><i>(Hover the method name to see the test class name)</i></small><p/>
<table width='100%' border='1' class='invocation-failed'>
<tr><td colspan='4' align='center'><b>FAILED TESTS</b></td></tr>
<tr><td><b>Test method</b></td>
<td width="30%"><b>Exception</b></td>
<td width="10%"><b>Time (seconds)</b></td>
<td><b>Instance</b></td>
</tr>
<tr>
<td title='com.nopcommerce.testsuite.ComputerPageTest.verifyProductAddedToShoppingCartSuccessFully()'><b>verifyProductAddedToShoppingCartSuccessFully</b><br>Test class: com.nopcommerce.testsuite.ComputerPageTest<br/>
<a href="#Output-1556461159" onClick='toggleBox("Output-1556461159", this, "Show output", "Hide output");'>Show output</a>

<a href="#Output-1556461159" onClick="toggleAllBoxes();">Show all outputs</a>
<div class='log' id="Output-1556461159">
clicking on computerMenu[[ChromeDriver: chrome on WINDOWS (7d997f3a61ab6f06ed17d749ef1a61e3)] -> xpath: //a[@href='/computers']]<br/>
clicking on desktop[[ChromeDriver: chrome on WINDOWS (7d997f3a61ab6f06ed17d749ef1a61e3)] -> xpath: //h2[@class='title']//a]<br/>
 click in add to cart[[ChromeDriver: chrome on WINDOWS (7d997f3a61ab6f06ed17d749ef1a61e3)] -> xpath: //body/div[6]/div[3]/div[1]/div[3]/div[1]/div[2]/div[2]/div[2]/div[1]/div[1]/div[1]/div[1]/div[2]/div[3]/div[2]/button[1]]<br/>
verify text[[ChromeDriver: chrome on WINDOWS (7d997f3a61ab6f06ed17d749ef1a61e3)] -> xpath: //h1[contains(text(),'Build your own computer')]]<br/>
select procesor[[ChromeDriver: chrome on WINDOWS (7d997f3a61ab6f06ed17d749ef1a61e3)] -> xpath: //select[@id='product_attribute_1']]<br/>
select Ram by dropdown[[ChromeDriver: chrome on WINDOWS (7d997f3a61ab6f06ed17d749ef1a61e3)] -> xpath: //select[@id='product_attribute_1']]<br/>
clickc to select os[[ChromeDriver: chrome on WINDOWS (7d997f3a61ab6f06ed17d749ef1a61e3)] -> xpath: //label[text()='Vista Premium [+$60.00]']]<br/>
click select software[[ChromeDriver: chrome on WINDOWS (7d997f3a61ab6f06ed17d749ef1a61e3)] -> id: product_attribute_5_12]<br/>
verify total[[ChromeDriver: chrome on WINDOWS (7d997f3a61ab6f06ed17d749ef1a61e3)] -> xpath: //span[@id='price-value-1']]<br/>
click add to cart[[ChromeDriver: chrome on WINDOWS (7d997f3a61ab6f06ed17d749ef1a61e3)] -> xpath: //button[@id='add-to-cart-button-1']]<br/>
click close message[[ChromeDriver: chrome on WINDOWS (7d997f3a61ab6f06ed17d749ef1a61e3)] -> xpath: //body/div[@id='bar-notification']/div[1]/span[1]]<br/>
hover shopping cart[[ChromeDriver: chrome on WINDOWS (7d997f3a61ab6f06ed17d749ef1a61e3)] -> xpath: //span[contains(text(),'Shopping cart')]]<br/>
click to update shopping cartProxy element for: DefaultElementLocator 'By.xpath: //button[@class='button-1 cart-button']'<br/>
Click to see screenshot<br/>
<a target = "_blank" href=C:\Users\44750\IdeaProjects\Framework_mvn_homework_Project_com-nopcommerce_hiral/test-output/html/verifyProductAddedToShoppingCartSuccessFullyThu_Dec_15_17_10_14_GMT_2022.jpg>Screenshot</a><br/>
<br><br/>
<br><br/>
<a target = "_blank" href=C:\Users\44750\IdeaProjects\Framework_mvn_homework_Project_com-nopcommerce_hiral/test-output/html/verifyProductAddedToShoppingCartSuccessFullyThu_Dec_15_17_10_14_GMT_2022.jpg><img src=C:\Users\44750\IdeaProjects\Framework_mvn_homework_Project_com-nopcommerce_hiral/test-output/html/verifyProductAddedToShoppingCartSuccessFullyThu_Dec_15_17_10_14_GMT_2022.jpg height=200 width=200></img></a><br/>
</div>
</td>
<td><div><pre>org.openqa.selenium.NoSuchElementException: no such element: Unable to locate element: {&quot;method&quot;:&quot;xpath&quot;,&quot;selector&quot;:&quot;//button[@id=&apos;updatecart&apos;]&quot;}
  (Session info: chrome=108.0.5359.100)
For documentation on this error, please visit: https://selenium.dev/exceptions/#no_such_element
Build info: version: &apos;4.6.0&apos;, revision: &apos;79f1c02ae20&apos;
System info: os.name: &apos;Windows 10&apos;, os.arch: &apos;amd64&apos;, os.version: &apos;10.0&apos;, java.version: &apos;1.8.0_121&apos;
Driver info: org.openqa.selenium.chrome.ChromeDriver
Command: [7d997f3a61ab6f06ed17d749ef1a61e3, findElement {using=xpath, value=//button[@id=&apos;updatecart&apos;]}]
Capabilities {acceptInsecureCerts: false, browserName: chrome, browserVersion: 108.0.5359.100, chrome: {chromedriverVersion: 108.0.5359.71 (1e0e3868ee06..., userDataDir: C:\Users\44750\AppData\Loca...}, goog:chromeOptions: {debuggerAddress: localhost:59219}, networkConnectionEnabled: false, pageLoadStrategy: normal, platformName: WINDOWS, proxy: Proxy(), se:cdp: ws://localhost:59219/devtoo..., se:cdpVersion: 108.0.5359.100, setWindowRect: true, strictFileInteractability: false, timeouts: {implicit: 0, pageLoad: 300000, script: 30000}, unhandledPromptBehavior: dismiss and notify, webauthn:extension:credBlob: true, webauthn:extension:largeBlob: true, webauthn:virtualAuthenticators: true}
Session ID: 7d997f3a61ab6f06ed17d749ef1a61e3
	at org.openqa.selenium.remote.codec.w3c.W3CHttpResponseCodec.createException(W3CHttpResponseCodec.java:200)
	at org.openqa.selenium.remote.codec.w3c.W3CHttpResponseCodec.decode(W3CHttpResponseCodec.java:133)
	at org.openqa.selenium.remote.codec.w3c.W3CHttpResponseCodec.decode(W3CHttpResponseCodec.java:53)
	at org.openqa.selenium.remote.HttpCommandExecutor.execute(HttpCommandExecutor.java:184)
	at org.openqa.selenium.remote.service.DriverCommandExecutor.invokeExecute(DriverCommandExecutor.java:167)
	at org.openqa.selenium.remote.service.DriverCommandExecutor.execute(DriverCommandExecutor.java:142)
	at org.openqa.selenium.remote.RemoteWebDriver.execute(RemoteWebDriver.java:541)
	at org.openqa.selenium.remote.ElementLocation$ElementFinder$2.findElement(ElementLocation.java:162)
	at org.openqa.selenium.remote.ElementLocation.findElement(ElementLocation.java:60)
	at org.openqa.selenium.remote.RemoteWebDriver.findElement(RemoteWebDriver.java:365)
	at org.openqa.selenium.remote.RemoteWebDriver.findElement(RemoteWebDriver.java:357)
	at org.openqa.selenium.support.pagefactory.DefaultElementLocator.findElement(DefaultElementLocator.java:70)
	at org.openqa.selenium.support.pagefactory.internal.LocatingElementHandler.invoke(LocatingElementHandler.java:39)
	at com.sun.proxy.$Proxy14.click(Unknown Source)
	at com.nopcommerce.utility.Utility.clickOnElement(Utility.java:53)
	at com.nopcommerce.pages.ComputerPage.clickOnUpdateShoppingCartButton(ComputerPage.java:387)
	at com.nopcommerce.testsuite.ComputerPageTest.verifyProductAddedToShoppingCartSuccessFully(ComputerPageTest.java:57)
	at java.util.ArrayList.forEach(ArrayList.java:1249)
	at com.intellij.rt.testng.IDEARemoteTestNG.run(IDEARemoteTestNG.java:66)
	at com.intellij.rt.testng.RemoteTestNGStarter.main(RemoteTestNGStarter.java:109)
... Removed 28 stack frames</pre></div><a href='#' onClick='toggleBox("stack-trace1556461159", this, "Click to show all stack frames", "Click to hide stack frames")'>Click to show all stack frames</a>
<div class='stack-trace' id='stack-trace1556461159'><pre>org.openqa.selenium.NoSuchElementException: no such element: Unable to locate element: {&quot;method&quot;:&quot;xpath&quot;,&quot;selector&quot;:&quot;//button[@id=&apos;updatecart&apos;]&quot;}
  (Session info: chrome=108.0.5359.100)
For documentation on this error, please visit: https://selenium.dev/exceptions/#no_such_element
Build info: version: &apos;4.6.0&apos;, revision: &apos;79f1c02ae20&apos;
System info: os.name: &apos;Windows 10&apos;, os.arch: &apos;amd64&apos;, os.version: &apos;10.0&apos;, java.version: &apos;1.8.0_121&apos;
Driver info: org.openqa.selenium.chrome.ChromeDriver
Command: [7d997f3a61ab6f06ed17d749ef1a61e3, findElement {using=xpath, value=//button[@id=&apos;updatecart&apos;]}]
Capabilities {acceptInsecureCerts: false, browserName: chrome, browserVersion: 108.0.5359.100, chrome: {chromedriverVersion: 108.0.5359.71 (1e0e3868ee06..., userDataDir: C:\Users\44750\AppData\Loca...}, goog:chromeOptions: {debuggerAddress: localhost:59219}, networkConnectionEnabled: false, pageLoadStrategy: normal, platformName: WINDOWS, proxy: Proxy(), se:cdp: ws://localhost:59219/devtoo..., se:cdpVersion: 108.0.5359.100, setWindowRect: true, strictFileInteractability: false, timeouts: {implicit: 0, pageLoad: 300000, script: 30000}, unhandledPromptBehavior: dismiss and notify, webauthn:extension:credBlob: true, webauthn:extension:largeBlob: true, webauthn:virtualAuthenticators: true}
Session ID: 7d997f3a61ab6f06ed17d749ef1a61e3
	at sun.reflect.NativeConstructorAccessorImpl.newInstance0(Native Method)
	at sun.reflect.NativeConstructorAccessorImpl.newInstance(NativeConstructorAccessorImpl.java:62)
	at sun.reflect.DelegatingConstructorAccessorImpl.newInstance(DelegatingConstructorAccessorImpl.java:45)
	at java.lang.reflect.Constructor.newInstance(Constructor.java:423)
	at org.openqa.selenium.remote.codec.w3c.W3CHttpResponseCodec.createException(W3CHttpResponseCodec.java:200)
	at org.openqa.selenium.remote.codec.w3c.W3CHttpResponseCodec.decode(W3CHttpResponseCodec.java:133)
	at org.openqa.selenium.remote.codec.w3c.W3CHttpResponseCodec.decode(W3CHttpResponseCodec.java:53)
	at org.openqa.selenium.remote.HttpCommandExecutor.execute(HttpCommandExecutor.java:184)
	at org.openqa.selenium.remote.service.DriverCommandExecutor.invokeExecute(DriverCommandExecutor.java:167)
	at org.openqa.selenium.remote.service.DriverCommandExecutor.execute(DriverCommandExecutor.java:142)
	at org.openqa.selenium.remote.RemoteWebDriver.execute(RemoteWebDriver.java:541)
	at org.openqa.selenium.remote.ElementLocation$ElementFinder$2.findElement(ElementLocation.java:162)
	at org.openqa.selenium.remote.ElementLocation.findElement(ElementLocation.java:60)
	at org.openqa.selenium.remote.RemoteWebDriver.findElement(RemoteWebDriver.java:365)
	at org.openqa.selenium.remote.RemoteWebDriver.findElement(RemoteWebDriver.java:357)
	at org.openqa.selenium.support.pagefactory.DefaultElementLocator.findElement(DefaultElementLocator.java:70)
	at org.openqa.selenium.support.pagefactory.internal.LocatingElementHandler.invoke(LocatingElementHandler.java:39)
	at com.sun.proxy.$Proxy14.click(Unknown Source)
	at com.nopcommerce.utility.Utility.clickOnElement(Utility.java:53)
	at com.nopcommerce.pages.ComputerPage.clickOnUpdateShoppingCartButton(ComputerPage.java:387)
	at com.nopcommerce.testsuite.ComputerPageTest.verifyProductAddedToShoppingCartSuccessFully(ComputerPageTest.java:57)
	at sun.reflect.NativeMethodAccessorImpl.invoke0(Native Method)
	at sun.reflect.NativeMethodAccessorImpl.invoke(NativeMethodAccessorImpl.java:62)
	at sun.reflect.DelegatingMethodAccessorImpl.invoke(DelegatingMethodAccessorImpl.java:43)
	at java.lang.reflect.Method.invoke(Method.java:498)
	at org.testng.internal.invokers.MethodInvocationHelper.invokeMethod(MethodInvocationHelper.java:135)
	at org.testng.internal.invokers.TestInvoker.invokeMethod(TestInvoker.java:673)
	at org.testng.internal.invokers.TestInvoker.invokeTestMethod(TestInvoker.java:220)
	at org.testng.internal.invokers.MethodRunner.runInSequence(MethodRunner.java:50)
	at org.testng.internal.invokers.TestInvoker$MethodInvocationAgent.invoke(TestInvoker.java:945)
	at org.testng.internal.invokers.TestInvoker.invokeTestMethods(TestInvoker.java:193)
	at org.testng.internal.invokers.TestMethodWorker.invokeTestMethods(TestMethodWorker.java:146)
	at org.testng.internal.invokers.TestMethodWorker.run(TestMethodWorker.java:128)
	at java.util.ArrayList.forEach(ArrayList.java:1249)
	at org.testng.TestRunner.privateRun(TestRunner.java:808)
	at org.testng.TestRunner.run(TestRunner.java:603)
	at org.testng.SuiteRunner.runTest(SuiteRunner.java:429)
	at org.testng.SuiteRunner.runSequentially(SuiteRunner.java:423)
	at org.testng.SuiteRunner.privateRun(SuiteRunner.java:383)
	at org.testng.SuiteRunner.run(SuiteRunner.java:326)
	at org.testng.SuiteRunnerWorker.runSuite(SuiteRunnerWorker.java:52)
	at org.testng.SuiteRunnerWorker.run(SuiteRunnerWorker.java:95)
	at org.testng.TestNG.runSuitesSequentially(TestNG.java:1249)
	at org.testng.TestNG.runSuitesLocally(TestNG.java:1169)
	at org.testng.TestNG.runSuites(TestNG.java:1092)
	at org.testng.TestNG.run(TestNG.java:1060)
	at com.intellij.rt.testng.IDEARemoteTestNG.run(IDEARemoteTestNG.java:66)
	at com.intellij.rt.testng.RemoteTestNGStarter.main(RemoteTestNGStarter.java:109)
</pre></div></td>
<td>43</td>
<td>com.nopcommerce.testsuite.ComputerPageTest@4d1b0d2a</td></tr>
</table><p>
<table width='100%' border='1' class='invocation-passed'>
<tr><td colspan='4' align='center'><b>PASSED TESTS</b></td></tr>
<tr><td><b>Test method</b></td>
<td width="30%"><b>Exception</b></td>
<td width="10%"><b>Time (seconds)</b></td>
<td><b>Instance</b></td>
</tr>
<tr>
<td title='com.nopcommerce.testsuite.ElectronicPageTest.TestNameVerifyUserShouldNavigateToCellPhonesPageSuccessfully()'><b>TestNameVerifyUserShouldNavigateToCellPhonesPageSuccessfully</b><br>Test class: com.nopcommerce.testsuite.ElectronicPageTest</td>
<td></td>
<td>0</td>
<td>com.nopcommerce.testsuite.ElectronicPageTest@543788f3</td></tr>
<tr>
<td title='com.nopcommerce.testsuite.ComputerPageTest.verifyProductArrangeInAlphabeticalOrder()'><b>verifyProductArrangeInAlphabeticalOrder</b><br>Test class: com.nopcommerce.testsuite.ComputerPageTest<br/>
<a href="#Output-220432328" onClick='toggleBox("Output-220432328", this, "Show output", "Hide output");'>Show output</a>

<a href="#Output-220432328" onClick="toggleAllBoxes();">Show all outputs</a>
<div class='log' id="Output-220432328">
clicking on computerMenu[[ChromeDriver: chrome on WINDOWS (a37946dd8fbe4ef939081d92f68abd97)] -> xpath: //a[@href='/computers']]<br/>
clicking on desktop[[ChromeDriver: chrome on WINDOWS (a37946dd8fbe4ef939081d92f68abd97)] -> xpath: //h2[@class='title']//a]<br/>
</div>
</td>
<td></td>
<td>1</td>
<td>com.nopcommerce.testsuite.ComputerPageTest@4d1b0d2a</td></tr>
</table><p>
</body>
</html>